Stock price update log created at 2025-02-27T12:13:23.114Z

[2025-02-27T12:13:23.115Z] [INFO] Stock Price Updater Started
[2025-02-27T12:13:23.117Z] [INFO] API URL: http://localhost:3000
[2025-02-27T12:13:23.117Z] [INFO] Update Interval: 0 minutes
[2025-02-27T12:13:23.117Z] [INFO] Starting stock price update...
[2025-02-27T12:13:24.840Z] [INFO] Stock prices updated successfully: Stock prices updated successfully
[2025-02-27T12:13:24.841Z] [INFO] Recording price history...
[2025-02-27T12:13:25.123Z] [INFO] Price history recorded successfully: Price history recorded successfully
[2025-02-27T12:13:25.124Z] [INFO] Scheduled stock updates every 0 minutes
[2025-02-27T12:13:25.126Z] [INFO] Starting stock price update...
[2025-02-27T12:13:25.128Z] [INFO] Starting stock price update...
[2025-02-27T12:13:25.130Z] [INFO] Starting stock price update...
[2025-02-27T12:13:25.134Z] [INFO] Starting stock price update...
[2025-02-27T12:13:25.135Z] [INFO] Starting stock price update...
[2025-02-27T12:13:25.136Z] [INFO] Starting stock price update...
[2025-02-27T12:13:25.139Z] [INFO] Starting stock price update...
[2025-02-27T12:13:25.142Z] [INFO] Starting stock price update...
[2025-02-27T12:13:25.144Z] [INFO] Starting stock price update...
[2025-02-27T12:13:25.146Z] [INFO] Starting stock price update...
[2025-02-27T12:13:25.147Z] [INFO] Starting stock price update...
[2025-02-27T12:13:25.150Z] [INFO] Starting stock price update...
[2025-02-27T12:13:25.153Z] [INFO] Starting stock price update...
[2025-02-27T12:13:25.155Z] [INFO] Starting stock price update...
[2025-02-27T12:13:25.156Z] [INFO] Starting stock price update...
[2025-02-27T12:13:25.157Z] [INFO] Starting stock price update...
[2025-02-27T12:13:25.159Z] [INFO] Starting stock price update...
[2025-02-27T12:13:25.161Z] [INFO] Starting stock price update...
[2025-02-27T12:13:25.162Z] [INFO] Starting stock price update...
[2025-02-27T12:13:25.165Z] [INFO] Starting stock price update...
[2025-02-27T12:13:25.167Z] [INFO] Starting stock price update...
[2025-02-27T12:13:25.169Z] [INFO] Starting stock price update...
[2025-02-27T12:13:25.170Z] [INFO] Starting stock price update...
[2025-02-27T12:13:25.172Z] [INFO] Starting stock price update...
[2025-02-27T12:13:25.173Z] [INFO] Starting stock price update...
[2025-02-27T12:13:25.174Z] [INFO] Starting stock price update...
[2025-02-27T12:13:25.175Z] [INFO] Starting stock price update...
[2025-02-27T12:13:25.176Z] [INFO] Starting stock price update...
[2025-02-27T12:13:25.177Z] [INFO] Starting stock price update...
[2025-02-27T12:13:25.178Z] [INFO] Starting stock price update...
[2025-02-27T12:13:25.179Z] [INFO] Starting stock price update...
[2025-02-27T12:13:25.180Z] [INFO] Starting stock price update...
[2025-02-27T12:13:25.182Z] [INFO] Starting stock price update...
[2025-02-27T12:13:25.184Z] [INFO] Starting stock price update...
[2025-02-27T12:13:25.184Z] [INFO] Starting stock price update...
[2025-02-27T12:13:25.186Z] [INFO] Starting stock price update...
[2025-02-27T12:13:25.188Z] [INFO] Starting stock price update...
[2025-02-27T12:13:25.189Z] [INFO] Starting stock price update...
[2025-02-27T12:13:25.191Z] [INFO] Starting stock price update...
[2025-02-27T12:13:25.192Z] [INFO] Starting stock price update...
[2025-02-27T12:13:25.194Z] [INFO] Starting stock price update...
[2025-02-27T12:13:25.195Z] [INFO] Starting stock price update...
[2025-02-27T12:13:25.196Z] [INFO] Starting stock price update...
[2025-02-27T12:13:25.197Z] [INFO] Starting stock price update...
[2025-02-27T12:13:25.199Z] [INFO] Starting stock price update...
[2025-02-27T12:13:25.199Z] [INFO] Starting stock price update...
[2025-02-27T12:13:25.200Z] [INFO] Starting stock price update...
[2025-02-27T12:13:25.201Z] [INFO] Starting stock price update...
[2025-02-27T12:13:25.203Z] [INFO] Starting stock price update...
[2025-02-27T12:13:25.203Z] [INFO] Starting stock price update...
[2025-02-27T12:13:25.205Z] [INFO] Starting stock price update...
[2025-02-27T12:13:25.205Z] [INFO] Starting stock price update...
[2025-02-27T12:13:25.207Z] [INFO] Starting stock price update...
[2025-02-27T12:13:25.208Z] [INFO] Starting stock price update...
[2025-02-27T12:13:25.210Z] [INFO] Starting stock price update...
[2025-02-27T12:13:25.210Z] [INFO] Starting stock price update...
[2025-02-27T12:13:25.211Z] [INFO] Starting stock price update...
[2025-02-27T12:13:25.212Z] [INFO] Starting stock price update...
[2025-02-27T12:13:25.214Z] [INFO] Starting stock price update...
[2025-02-27T12:13:25.216Z] [INFO] Starting stock price update...
[2025-02-27T12:13:25.216Z] [INFO] Starting stock price update...
[2025-02-27T12:13:25.218Z] [INFO] Starting stock price update...
[2025-02-27T12:13:25.220Z] [INFO] Starting stock price update...
[2025-02-27T12:13:25.221Z] [INFO] Starting stock price update...
[2025-02-27T12:13:25.223Z] [INFO] Starting stock price update...
[2025-02-27T12:13:25.224Z] [INFO] Starting stock price update...
[2025-02-27T12:13:25.225Z] [INFO] Starting stock price update...
[2025-02-27T12:13:25.226Z] [INFO] Starting stock price update...
[2025-02-27T12:13:25.227Z] [INFO] Starting stock price update...
[2025-02-27T12:13:25.229Z] [INFO] Starting stock price update...
[2025-02-27T12:13:25.230Z] [INFO] Starting stock price update...
[2025-02-27T12:13:25.232Z] [INFO] Starting stock price update...
[2025-02-27T12:13:25.233Z] [INFO] Starting stock price update...
[2025-02-27T12:13:25.235Z] [INFO] Starting stock price update...
[2025-02-27T12:13:25.237Z] [INFO] Starting stock price update...
[2025-02-27T12:13:25.239Z] [INFO] Starting stock price update...
[2025-02-27T12:13:25.241Z] [INFO] Starting stock price update...
[2025-02-27T12:13:25.242Z] [INFO] Starting stock price update...
[2025-02-27T12:13:25.244Z] [INFO] Starting stock price update...
[2025-02-27T12:13:25.245Z] [INFO] Starting stock price update...
[2025-02-27T12:13:25.247Z] [INFO] Starting stock price update...
[2025-02-27T12:13:25.247Z] [INFO] Starting stock price update...
[2025-02-27T12:13:25.248Z] [INFO] Starting stock price update...
[2025-02-27T12:13:25.249Z] [INFO] Starting stock price update...
[2025-02-27T12:13:25.251Z] [INFO] Starting stock price update...
[2025-02-27T12:13:25.252Z] [INFO] Starting stock price update...
[2025-02-27T12:13:25.254Z] [INFO] Starting stock price update...
[2025-02-27T12:13:25.255Z] [INFO] Starting stock price update...
[2025-02-27T12:13:25.258Z] [INFO] Starting stock price update...
[2025-02-27T12:13:25.259Z] [INFO] Starting stock price update...
[2025-02-27T12:13:25.260Z] [INFO] Starting stock price update...
[2025-02-27T12:13:25.261Z] [INFO] Starting stock price update...
[2025-02-27T12:13:25.263Z] [INFO] Starting stock price update...
[2025-02-27T12:13:25.265Z] [INFO] Starting stock price update...
[2025-02-27T12:13:25.267Z] [INFO] Starting stock price update...
[2025-02-27T12:13:25.268Z] [INFO] Starting stock price update...
[2025-02-27T12:13:25.269Z] [INFO] Starting stock price update...
[2025-02-27T12:13:25.270Z] [INFO] Starting stock price update...
[2025-02-27T12:13:25.271Z] [INFO] Starting stock price update...
[2025-02-27T12:13:25.272Z] [INFO] Starting stock price update...
[2025-02-27T12:13:25.273Z] [INFO] Starting stock price update...
[2025-02-27T12:13:25.275Z] [INFO] Starting stock price update...
[2025-02-27T12:13:25.276Z] [INFO] Starting stock price update...
[2025-02-27T12:13:25.277Z] [INFO] Starting stock price update...
[2025-02-27T12:13:25.278Z] [INFO] Starting stock price update...
[2025-02-27T12:13:25.280Z] [INFO] Starting stock price update...
[2025-02-27T12:13:25.282Z] [INFO] Starting stock price update...
[2025-02-27T12:13:25.284Z] [INFO] Starting stock price update...
[2025-02-27T12:13:25.285Z] [INFO] Starting stock price update...
[2025-02-27T12:13:25.286Z] [INFO] Starting stock price update...
[2025-02-27T12:13:25.288Z] [INFO] Starting stock price update...
[2025-02-27T12:13:25.290Z] [INFO] Starting stock price update...
[2025-02-27T12:13:25.291Z] [INFO] Starting stock price update...
[2025-02-27T12:13:25.292Z] [INFO] Starting stock price update...
[2025-02-27T12:13:25.293Z] [INFO] Starting stock price update...
[2025-02-27T12:13:25.294Z] [INFO] Starting stock price update...
[2025-02-27T12:13:25.295Z] [INFO] Starting stock price update...
[2025-02-27T12:13:25.297Z] [INFO] Starting stock price update...
[2025-02-27T12:13:25.298Z] [INFO] Starting stock price update...
[2025-02-27T12:13:25.299Z] [INFO] Starting stock price update...
[2025-02-27T12:13:25.300Z] [INFO] Starting stock price update...
[2025-02-27T12:13:25.301Z] [INFO] Starting stock price update...
[2025-02-27T12:13:25.303Z] [INFO] Starting stock price update...
[2025-02-27T12:13:25.304Z] [INFO] Starting stock price update...
[2025-02-27T12:13:25.305Z] [INFO] Starting stock price update...
[2025-02-27T12:13:25.306Z] [INFO] Starting stock price update...
[2025-02-27T12:13:25.307Z] [INFO] Starting stock price update...
[2025-02-27T12:13:25.308Z] [INFO] Starting stock price update...
[2025-02-27T12:13:25.309Z] [INFO] Starting stock price update...
[2025-02-27T12:13:25.310Z] [INFO] Starting stock price update...
[2025-02-27T12:13:25.312Z] [INFO] Starting stock price update...
[2025-02-27T12:13:25.314Z] [INFO] Starting stock price update...
[2025-02-27T12:13:25.317Z] [INFO] Starting stock price update...
[2025-02-27T12:13:25.318Z] [INFO] Starting stock price update...
[2025-02-27T12:13:25.320Z] [INFO] Starting stock price update...
[2025-02-27T12:13:25.322Z] [INFO] Starting stock price update...
[2025-02-27T12:13:25.324Z] [INFO] Starting stock price update...
[2025-02-27T12:13:25.326Z] [INFO] Starting stock price update...
[2025-02-27T12:13:25.326Z] [INFO] Starting stock price update...
[2025-02-27T12:13:25.327Z] [INFO] Starting stock price update...
[2025-02-27T12:13:25.330Z] [INFO] Starting stock price update...
[2025-02-27T12:13:25.330Z] [INFO] Starting stock price update...
[2025-02-27T12:13:25.331Z] [INFO] Starting stock price update...
[2025-02-27T12:13:25.333Z] [INFO] Starting stock price update...
[2025-02-27T12:13:25.334Z] [INFO] Starting stock price update...
[2025-02-27T12:13:25.336Z] [INFO] Starting stock price update...
[2025-02-27T12:13:25.337Z] [INFO] Starting stock price update...
[2025-02-27T12:13:25.338Z] [INFO] Starting stock price update...
[2025-02-27T12:13:25.339Z] [INFO] Starting stock price update...
[2025-02-27T12:13:25.340Z] [INFO] Starting stock price update...
[2025-02-27T12:13:25.342Z] [INFO] Starting stock price update...
[2025-02-27T12:13:25.344Z] [INFO] Starting stock price update...
[2025-02-27T12:13:25.346Z] [INFO] Starting stock price update...
[2025-02-27T12:13:25.346Z] [INFO] Starting stock price update...
[2025-02-27T12:13:25.348Z] [INFO] Starting stock price update...
[2025-02-27T12:13:25.350Z] [INFO] Starting stock price update...
[2025-02-27T12:13:25.352Z] [INFO] Starting stock price update...
[2025-02-27T12:13:25.354Z] [INFO] Starting stock price update...
[2025-02-27T12:13:25.356Z] [INFO] Starting stock price update...
[2025-02-27T12:13:25.358Z] [INFO] Starting stock price update...
[2025-02-27T12:13:25.358Z] [INFO] Starting stock price update...
[2025-02-27T12:13:25.359Z] [INFO] Starting stock price update...
[2025-02-27T12:13:25.361Z] [INFO] Starting stock price update...
[2025-02-27T12:13:25.363Z] [INFO] Starting stock price update...
[2025-02-27T12:13:25.364Z] [INFO] Starting stock price update...
[2025-02-27T12:13:25.366Z] [INFO] Starting stock price update...
[2025-02-27T12:13:25.367Z] [INFO] Starting stock price update...
[2025-02-27T12:13:25.369Z] [INFO] Starting stock price update...
[2025-02-27T12:13:25.369Z] [INFO] Starting stock price update...
[2025-02-27T12:13:25.371Z] [INFO] Starting stock price update...
[2025-02-27T12:13:25.371Z] [INFO] Starting stock price update...
[2025-02-27T12:13:25.373Z] [INFO] Starting stock price update...
[2025-02-27T12:13:25.374Z] [INFO] Starting stock price update...
[2025-02-27T12:13:25.375Z] [INFO] Starting stock price update...
[2025-02-27T12:13:25.376Z] [INFO] Starting stock price update...
[2025-02-27T12:13:25.378Z] [INFO] Starting stock price update...
[2025-02-27T12:13:25.380Z] [INFO] Starting stock price update...
[2025-02-27T12:13:25.380Z] [INFO] Starting stock price update...
[2025-02-27T12:13:25.381Z] [INFO] Starting stock price update...
[2025-02-27T12:13:25.382Z] [INFO] Starting stock price update...
[2025-02-27T12:13:25.383Z] [INFO] Starting stock price update...
[2025-02-27T12:13:25.384Z] [INFO] Starting stock price update...
[2025-02-27T12:13:25.385Z] [INFO] Starting stock price update...
[2025-02-27T12:13:25.386Z] [INFO] Starting stock price update...
[2025-02-27T12:13:25.387Z] [INFO] Starting stock price update...
[2025-02-27T12:13:25.388Z] [INFO] Starting stock price update...
[2025-02-27T12:13:25.389Z] [INFO] Starting stock price update...
[2025-02-27T12:13:25.390Z] [INFO] Starting stock price update...
[2025-02-27T12:13:25.391Z] [INFO] Starting stock price update...
[2025-02-27T12:13:25.393Z] [INFO] Starting stock price update...
[2025-02-27T12:13:25.394Z] [INFO] Starting stock price update...
[2025-02-27T12:13:25.396Z] [INFO] Starting stock price update...
[2025-02-27T12:13:25.398Z] [INFO] Starting stock price update...
[2025-02-27T12:13:25.398Z] [INFO] Starting stock price update...
[2025-02-27T12:13:25.400Z] [INFO] Starting stock price update...
[2025-02-27T12:13:25.402Z] [INFO] Starting stock price update...
[2025-02-27T12:13:25.402Z] [INFO] Starting stock price update...
[2025-02-27T12:13:25.403Z] [INFO] Starting stock price update...
[2025-02-27T12:13:25.405Z] [INFO] Starting stock price update...
[2025-02-27T12:13:25.406Z] [INFO] Starting stock price update...
[2025-02-27T12:13:25.407Z] [INFO] Starting stock price update...
[2025-02-27T12:13:25.409Z] [INFO] Starting stock price update...
[2025-02-27T12:13:25.411Z] [INFO] Starting stock price update...
[2025-02-27T12:13:25.413Z] [INFO] Starting stock price update...
[2025-02-27T12:13:25.413Z] [INFO] Starting stock price update...
[2025-02-27T12:13:25.415Z] [INFO] Starting stock price update...
[2025-02-27T12:13:25.416Z] [INFO] Starting stock price update...
[2025-02-27T12:13:25.418Z] [INFO] Starting stock price update...
[2025-02-27T12:13:25.420Z] [INFO] Starting stock price update...
[2025-02-27T12:13:25.422Z] [INFO] Starting stock price update...
[2025-02-27T12:13:25.424Z] [INFO] Starting stock price update...
[2025-02-27T12:13:25.426Z] [INFO] Starting stock price update...
[2025-02-27T12:13:25.427Z] [INFO] Starting stock price update...
[2025-02-27T12:13:25.429Z] [INFO] Starting stock price update...
[2025-02-27T12:13:25.429Z] [INFO] Starting stock price update...
[2025-02-27T12:13:25.431Z] [INFO] Starting stock price update...
[2025-02-27T12:13:25.431Z] [INFO] Starting stock price update...
[2025-02-27T12:13:25.432Z] [INFO] Starting stock price update...
[2025-02-27T12:13:25.433Z] [INFO] Starting stock price update...
[2025-02-27T12:13:25.434Z] [INFO] Starting stock price update...
[2025-02-27T12:13:25.435Z] [INFO] Starting stock price update...
[2025-02-27T12:13:25.436Z] [INFO] Starting stock price update...
[2025-02-27T12:13:25.438Z] [INFO] Starting stock price update...
[2025-02-27T12:13:25.440Z] [INFO] Starting stock price update...
[2025-02-27T12:13:25.440Z] [INFO] Starting stock price update...
[2025-02-27T12:13:25.441Z] [INFO] Starting stock price update...
[2025-02-27T12:13:25.442Z] [INFO] Starting stock price update...
[2025-02-27T12:13:25.444Z] [INFO] Starting stock price update...
[2025-02-27T12:13:25.446Z] [INFO] Starting stock price update...
[2025-02-27T12:13:25.448Z] [INFO] Starting stock price update...
[2025-02-27T12:13:25.449Z] [INFO] Starting stock price update...
[2025-02-27T12:13:25.451Z] [INFO] Starting stock price update...
[2025-02-27T12:13:25.453Z] [INFO] Starting stock price update...
[2025-02-27T12:13:25.455Z] [INFO] Starting stock price update...
[2025-02-27T12:13:25.457Z] [INFO] Starting stock price update...
[2025-02-27T12:13:25.459Z] [INFO] Starting stock price update...
[2025-02-27T12:13:25.460Z] [INFO] Starting stock price update...
[2025-02-27T12:13:25.463Z] [INFO] Starting stock price update...
[2025-02-27T12:13:25.465Z] [INFO] Starting stock price update...
[2025-02-27T12:13:25.466Z] [INFO] Starting stock price update...
[2025-02-27T12:13:25.468Z] [INFO] Starting stock price update...
[2025-02-27T12:13:25.470Z] [INFO] Starting stock price update...
[2025-02-27T12:13:25.472Z] [INFO] Starting stock price update...
[2025-02-27T12:13:25.474Z] [INFO] Starting stock price update...
[2025-02-27T12:13:25.475Z] [INFO] Starting stock price update...
[2025-02-27T12:13:25.476Z] [INFO] Starting stock price update...
[2025-02-27T12:13:25.478Z] [INFO] Starting stock price update...
[2025-02-27T12:13:25.480Z] [INFO] Starting stock price update...
[2025-02-27T12:13:25.482Z] [INFO] Starting stock price update...
[2025-02-27T12:13:25.484Z] [INFO] Starting stock price update...
[2025-02-27T12:13:25.486Z] [INFO] Starting stock price update...
[2025-02-27T12:13:25.488Z] [INFO] Starting stock price update...
[2025-02-27T12:13:25.489Z] [INFO] Starting stock price update...
[2025-02-27T12:13:25.490Z] [INFO] Starting stock price update...
[2025-02-27T12:13:25.492Z] [INFO] Starting stock price update...
[2025-02-27T12:13:25.494Z] [INFO] Starting stock price update...
[2025-02-27T12:13:25.496Z] [INFO] Starting stock price update...
[2025-02-27T12:13:25.497Z] [INFO] Starting stock price update...
[2025-02-27T12:13:25.498Z] [INFO] Starting stock price update...
[2025-02-27T12:13:25.500Z] [INFO] Starting stock price update...
[2025-02-27T12:13:25.502Z] [INFO] Starting stock price update...
[2025-02-27T12:13:25.504Z] [INFO] Starting stock price update...
[2025-02-27T12:13:25.505Z] [INFO] Starting stock price update...
[2025-02-27T12:13:25.507Z] [INFO] Starting stock price update...
[2025-02-27T12:13:25.509Z] [INFO] Starting stock price update...
[2025-02-27T12:13:25.511Z] [INFO] Starting stock price update...
[2025-02-27T12:13:25.513Z] [INFO] Starting stock price update...
[2025-02-27T12:13:25.514Z] [INFO] Starting stock price update...
[2025-02-27T12:13:25.515Z] [INFO] Starting stock price update...
[2025-02-27T12:13:25.517Z] [INFO] Starting stock price update...
[2025-02-27T12:13:25.519Z] [INFO] Starting stock price update...
[2025-02-27T12:13:25.521Z] [INFO] Starting stock price update...
[2025-02-27T12:13:25.523Z] [INFO] Starting stock price update...
[2025-02-27T12:13:25.524Z] [INFO] Starting stock price update...
[2025-02-27T12:13:25.525Z] [INFO] Starting stock price update...
[2025-02-27T12:13:25.527Z] [INFO] Starting stock price update...
[2025-02-27T12:13:25.529Z] [INFO] Starting stock price update...
[2025-02-27T12:13:25.530Z] [INFO] Starting stock price update...
[2025-02-27T12:13:25.532Z] [INFO] Starting stock price update...
[2025-02-27T12:13:25.533Z] [INFO] Starting stock price update...
[2025-02-27T12:13:25.534Z] [INFO] Starting stock price update...
[2025-02-27T12:13:25.535Z] [INFO] Starting stock price update...
[2025-02-27T12:13:25.537Z] [INFO] Starting stock price update...
[2025-02-27T12:13:25.539Z] [INFO] Starting stock price update...
[2025-02-27T12:13:25.541Z] [INFO] Starting stock price update...
[2025-02-27T12:13:25.543Z] [INFO] Starting stock price update...
[2025-02-27T12:13:25.545Z] [INFO] Starting stock price update...
[2025-02-27T12:13:25.547Z] [INFO] Starting stock price update...
[2025-02-27T12:13:25.549Z] [INFO] Starting stock price update...
[2025-02-27T12:13:25.550Z] [INFO] Starting stock price update...
[2025-02-27T12:13:25.552Z] [INFO] Starting stock price update...
[2025-02-27T12:13:25.554Z] [INFO] Starting stock price update...
[2025-02-27T12:13:25.556Z] [INFO] Starting stock price update...
[2025-02-27T12:13:25.558Z] [INFO] Starting stock price update...
[2025-02-27T12:13:25.560Z] [INFO] Starting stock price update...
[2025-02-27T12:13:25.561Z] [INFO] Starting stock price update...
[2025-02-27T12:13:25.562Z] [INFO] Starting stock price update...
[2025-02-27T12:13:25.563Z] [INFO] Starting stock price update...
[2025-02-27T12:13:25.565Z] [INFO] Starting stock price update...
[2025-02-27T12:13:25.566Z] [INFO] Starting stock price update...
[2025-02-27T12:13:25.568Z] [INFO] Starting stock price update...
[2025-02-27T12:13:25.570Z] [INFO] Starting stock price update...
[2025-02-27T12:13:25.571Z] [INFO] Starting stock price update...
[2025-02-27T12:13:25.572Z] [INFO] Starting stock price update...
[2025-02-27T12:13:25.574Z] [INFO] Starting stock price update...
[2025-02-27T12:13:25.576Z] [INFO] Starting stock price update...
[2025-02-27T12:13:25.576Z] [INFO] Starting stock price update...
[2025-02-27T12:13:25.578Z] [INFO] Starting stock price update...
[2025-02-27T12:13:25.579Z] [INFO] Starting stock price update...
[2025-02-27T12:13:25.581Z] [INFO] Starting stock price update...
[2025-02-27T12:13:25.582Z] [INFO] Starting stock price update...
[2025-02-27T12:13:25.584Z] [INFO] Starting stock price update...
[2025-02-27T12:13:25.586Z] [INFO] Starting stock price update...
[2025-02-27T12:13:25.588Z] [INFO] Starting stock price update...
[2025-02-27T12:13:25.590Z] [INFO] Starting stock price update...
[2025-02-27T12:13:25.591Z] [INFO] Starting stock price update...
[2025-02-27T12:13:25.592Z] [INFO] Starting stock price update...
[2025-02-27T12:13:25.594Z] [INFO] Starting stock price update...
[2025-02-27T12:13:25.596Z] [INFO] Starting stock price update...
[2025-02-27T12:13:25.598Z] [INFO] Starting stock price update...
[2025-02-27T12:13:25.599Z] [INFO] Starting stock price update...
[2025-02-27T12:13:25.601Z] [INFO] Starting stock price update...
[2025-02-27T12:13:25.602Z] [INFO] Starting stock price update...
[2025-02-27T12:13:25.604Z] [INFO] Starting stock price update...
[2025-02-27T12:13:25.605Z] [INFO] Starting stock price update...
[2025-02-27T12:13:25.606Z] [INFO] Starting stock price update...
[2025-02-27T12:13:25.608Z] [INFO] Starting stock price update...
[2025-02-27T12:13:25.610Z] [INFO] Starting stock price update...
[2025-02-27T12:13:25.611Z] [INFO] Starting stock price update...
[2025-02-27T12:13:25.614Z] [INFO] Starting stock price update...
[2025-02-27T12:13:25.616Z] [INFO] Starting stock price update...
[2025-02-27T12:13:25.617Z] [INFO] Starting stock price update...
[2025-02-27T12:13:25.619Z] [INFO] Starting stock price update...
[2025-02-27T12:13:25.621Z] [INFO] Starting stock price update...
[2025-02-27T12:13:25.623Z] [INFO] Starting stock price update...
[2025-02-27T12:13:25.625Z] [INFO] Starting stock price update...
[2025-02-27T12:13:25.626Z] [INFO] Starting stock price update...
[2025-02-27T12:13:25.627Z] [INFO] Starting stock price update...
[2025-02-27T12:13:25.628Z] [INFO] Starting stock price update...
[2025-02-27T12:13:25.629Z] [INFO] Starting stock price update...
[2025-02-27T12:13:25.631Z] [INFO] Starting stock price update...
[2025-02-27T12:13:25.633Z] [INFO] Starting stock price update...
[2025-02-27T12:13:25.635Z] [INFO] Starting stock price update...
[2025-02-27T12:13:25.637Z] [INFO] Starting stock price update...
[2025-02-27T12:13:25.638Z] [INFO] Starting stock price update...
[2025-02-27T12:13:25.640Z] [INFO] Starting stock price update...
[2025-02-27T12:13:25.641Z] [INFO] Starting stock price update...
[2025-02-27T12:13:25.643Z] [INFO] Starting stock price update...
[2025-02-27T12:13:25.645Z] [ERROR] Stock price update request failed: write EPIPE
[2025-02-27T12:13:57.128Z] [INFO] Stock Price Updater Started
[2025-02-27T12:13:57.134Z] [INFO] API URL: http://localhost:3000
[2025-02-27T12:13:57.134Z] [INFO] Update Interval: 1 minutes
[2025-02-27T12:13:57.134Z] [INFO] Starting stock price update...
[2025-02-27T12:13:57.473Z] [INFO] Stock prices updated successfully: Stock prices updated successfully
[2025-02-27T12:13:57.474Z] [INFO] Recording price history...
[2025-02-27T12:13:57.640Z] [INFO] Price history recorded successfully: Price history recorded successfully
[2025-02-27T12:13:57.641Z] [INFO] Scheduled stock updates every 1 minutes
[2025-02-27T12:14:57.645Z] [INFO] Starting stock price update...
[2025-02-27T12:14:57.885Z] [INFO] Stock prices updated successfully: Stock prices updated successfully
[2025-02-27T12:14:57.886Z] [INFO] Recording price history...
[2025-02-27T12:14:57.991Z] [INFO] Price history recorded successfully: Price history recorded successfully
[2025-02-27T12:15:56.108Z] [WARN] Received shutdown signal. Stopping stock price updater.
[2025-02-27T12:15:57.670Z] [INFO] Stock Price Updater Started
[2025-02-27T12:15:57.676Z] [INFO] API URL: http://localhost:3000
[2025-02-27T12:15:57.676Z] [INFO] Update Interval: 1 minutes
[2025-02-27T12:15:57.676Z] [INFO] Starting stock price update...
[2025-02-27T12:15:58.258Z] [INFO] Stock prices updated successfully: Stock prices updated successfully
[2025-02-27T12:15:58.260Z] [INFO] Recording price history...
[2025-02-27T12:15:58.543Z] [INFO] Price history recorded successfully: Price history recorded successfully
[2025-02-27T12:15:58.544Z] [INFO] Scheduled stock updates every 1 minutes
[2025-02-27T12:16:09.324Z] [WARN] Received shutdown signal. Stopping stock price updater.
[2025-02-27T12:16:10.378Z] [INFO] Stock Price Updater Started
[2025-02-27T12:16:10.382Z] [INFO] API URL: http://localhost:3000
[2025-02-27T12:16:10.382Z] [INFO] Update Interval: 1 minutes
[2025-02-27T12:16:10.382Z] [INFO] Starting stock price update...
[2025-02-27T12:16:10.708Z] [INFO] Stock prices updated successfully: Stock prices updated successfully
[2025-02-27T12:16:10.709Z] [INFO] Recording price history...
[2025-02-27T12:16:10.820Z] [INFO] Price history recorded successfully: Price history recorded successfully
[2025-02-27T12:16:10.821Z] [INFO] Scheduled stock updates every 1 minutes
[2025-02-27T12:16:14.715Z] [WARN] Received shutdown signal. Stopping stock price updater.
[2025-02-27T12:16:16.475Z] [INFO] Stock Price Updater Started
[2025-02-27T12:16:16.479Z] [INFO] API URL: http://localhost:3000
[2025-02-27T12:16:16.479Z] [INFO] Update Interval: 1 minutes
[2025-02-27T12:16:16.479Z] [INFO] Starting stock price update...
[2025-02-27T12:16:16.735Z] [INFO] Stock prices updated successfully: Stock prices updated successfully
[2025-02-27T12:16:16.738Z] [INFO] Recording price history...
[2025-02-27T12:16:16.947Z] [INFO] Price history recorded successfully: Price history recorded successfully
[2025-02-27T12:16:16.948Z] [INFO] Scheduled stock updates every 1 minutes
[2025-02-27T12:16:26.412Z] [WARN] Received shutdown signal. Stopping stock price updater.
[2025-02-27T12:16:27.969Z] [INFO] Stock Price Updater Started
[2025-02-27T12:16:27.973Z] [INFO] API URL: http://localhost:3000
[2025-02-27T12:16:27.973Z] [INFO] Update Interval: 1 minutes
[2025-02-27T12:16:27.973Z] [INFO] Starting stock price update...
[2025-02-27T12:16:28.273Z] [INFO] Stock prices updated successfully: Stock prices updated successfully
[2025-02-27T12:16:28.274Z] [INFO] Recording price history...
[2025-02-27T12:16:28.424Z] [INFO] Price history recorded successfully: Price history recorded successfully
[2025-02-27T12:16:28.426Z] [INFO] Scheduled stock updates every 1 minutes
[2025-02-27T12:40:39.220Z] [INFO] Stock Price Updater Started
[2025-02-27T12:40:39.230Z] [INFO] API URL: http://localhost:3000
[2025-02-27T12:40:39.230Z] [INFO] Update Interval: 1 minutes
[2025-02-27T12:40:39.230Z] [INFO] Starting stock price update...
[2025-02-27T12:40:39.498Z] [INFO] Stock prices updated successfully: Stock prices updated successfully
[2025-02-27T12:40:39.499Z] [INFO] Recording price history...
[2025-02-27T12:40:39.607Z] [INFO] Price history recorded successfully: Price history recorded successfully
[2025-02-27T12:40:39.608Z] [INFO] Scheduled stock updates every 1 minutes
[2025-02-27T12:41:39.611Z] [INFO] Starting stock price update...
[2025-02-27T12:41:39.840Z] [INFO] Stock prices updated successfully: Stock prices updated successfully
[2025-02-27T12:41:39.841Z] [INFO] Recording price history...
[2025-02-27T12:41:39.997Z] [INFO] Price history recorded successfully: Price history recorded successfully
[2025-02-27T12:42:39.613Z] [INFO] Starting stock price update...
[2025-02-27T12:42:39.828Z] [INFO] Stock prices updated successfully: Stock prices updated successfully
[2025-02-27T12:42:39.829Z] [INFO] Recording price history...
[2025-02-27T12:42:40.010Z] [INFO] Price history recorded successfully: Price history recorded successfully
[2025-02-27T12:43:39.616Z] [INFO] Starting stock price update...
[2025-02-27T12:43:39.902Z] [INFO] Stock prices updated successfully: Stock prices updated successfully
[2025-02-27T12:43:39.903Z] [INFO] Recording price history...
[2025-02-27T12:43:40.050Z] [INFO] Price history recorded successfully: Price history recorded successfully
[2025-02-27T12:44:39.617Z] [INFO] Starting stock price update...
[2025-02-27T12:44:39.928Z] [INFO] Stock prices updated successfully: Stock prices updated successfully
[2025-02-27T12:44:39.929Z] [INFO] Recording price history...
[2025-02-27T12:44:40.044Z] [INFO] Price history recorded successfully: Price history recorded successfully
[2025-02-27T12:45:39.619Z] [INFO] Starting stock price update...
[2025-02-27T12:45:39.964Z] [INFO] Stock prices updated successfully: Stock prices updated successfully
[2025-02-27T12:45:39.965Z] [INFO] Recording price history...
[2025-02-27T12:45:40.117Z] [INFO] Price history recorded successfully: Price history recorded successfully
[2025-02-27T12:46:10.210Z] [WARN] Received shutdown signal. Stopping stock price updater.
[2025-02-27T12:46:12.390Z] [INFO] Stock Price Updater Started
[2025-02-27T12:46:12.399Z] [INFO] API URL: http://localhost:3000
[2025-02-27T12:46:12.400Z] [INFO] Update Interval: 1 minutes
[2025-02-27T12:46:12.400Z] [INFO] Starting stock price update...
[2025-02-27T12:46:12.795Z] [INFO] Stock prices updated successfully: Stock prices updated successfully
[2025-02-27T12:46:12.796Z] [INFO] Recording price history...
[2025-02-27T12:46:12.932Z] [INFO] Price history recorded successfully: Price history recorded successfully
[2025-02-27T12:46:12.933Z] [INFO] Scheduled stock updates every 1 minutes
[2025-02-27T12:46:30.746Z] [WARN] Received shutdown signal. Stopping stock price updater.
[2025-02-27T13:05:50.139Z] [INFO] Stock Price Updater Started
[2025-02-27T13:05:50.151Z] [INFO] API URL: http://localhost:3000
[2025-02-27T13:05:50.151Z] [INFO] Update Interval: 1 minutes
[2025-02-27T13:05:50.151Z] [INFO] Starting stock price update...
[2025-02-27T13:05:50.485Z] [INFO] Stock prices updated successfully: Stock prices updated successfully
[2025-02-27T13:05:50.485Z] [INFO] Recording price history...
[2025-02-27T13:05:51.027Z] [INFO] Price history recorded successfully: Price history recorded successfully
[2025-02-27T13:05:51.051Z] [INFO] Scheduled stock updates every 1 minutes
[2025-02-27T13:05:59.325Z] [WARN] Received shutdown signal. Stopping stock price updater.
[2025-02-27T13:08:25.505Z] [INFO] Stock Price Updater Started
[2025-02-27T13:08:25.514Z] [INFO] API URL: http://localhost:3000
[2025-02-27T13:08:25.514Z] [INFO] Update Interval: 1 minutes
[2025-02-27T13:08:25.514Z] [INFO] Starting stock price update...
[2025-02-27T13:08:25.795Z] [INFO] Stock prices updated successfully: Stock prices updated successfully
[2025-02-27T13:08:25.796Z] [INFO] Recording price history...
[2025-02-27T13:08:25.917Z] [INFO] Price history recorded successfully: Price history recorded successfully
[2025-02-27T13:08:25.919Z] [INFO] Scheduled stock updates every 1 minutes
[2025-02-27T13:08:29.503Z] [WARN] Received shutdown signal. Stopping stock price updater.
[2025-02-27T13:35:25.784Z] [INFO] Stock Price Updater Started
[2025-02-27T13:35:25.793Z] [INFO] API URL: http://localhost:3000
[2025-02-27T13:35:25.793Z] [INFO] Update Interval: 1 minutes
[2025-02-27T13:35:25.793Z] [INFO] Starting stock price update...
[2025-02-27T13:35:26.134Z] [INFO] Stock prices updated successfully: Stock prices updated successfully
[2025-02-27T13:35:26.135Z] [INFO] Recording price history...
[2025-02-27T13:35:26.265Z] [INFO] Price history recorded successfully: Price history recorded successfully
[2025-02-27T13:35:26.267Z] [INFO] Scheduled stock updates every 1 minutes
[2025-02-27T13:35:37.832Z] [WARN] Received shutdown signal. Stopping stock price updater.
[2025-02-27T15:20:21.687Z] [INFO] Stock Price Updater Started
[2025-02-27T15:20:21.697Z] [INFO] API URL: http://localhost:3000
[2025-02-27T15:20:21.697Z] [INFO] Update Interval: 1 minutes
[2025-02-27T15:20:21.697Z] [INFO] Starting stock price update...
[2025-02-27T15:20:21.941Z] [INFO] Stock prices updated successfully: Stock prices updated successfully
[2025-02-27T15:20:21.942Z] [INFO] Recording price history...
[2025-02-27T15:20:22.405Z] [INFO] Price history recorded successfully: Price history recorded successfully
[2025-02-27T15:20:22.406Z] [INFO] Scheduled stock updates every 1 minutes
[2025-02-27T15:21:22.410Z] [INFO] Starting stock price update...
[2025-02-27T15:21:22.631Z] [INFO] Stock prices updated successfully: Stock prices updated successfully
[2025-02-27T15:21:22.632Z] [INFO] Recording price history...
[2025-02-27T15:21:22.759Z] [INFO] Price history recorded successfully: Price history recorded successfully
[2025-02-27T15:21:40.957Z] [WARN] Received shutdown signal. Stopping stock price updater.
[2025-02-27T15:21:42.576Z] [INFO] Stock Price Updater Started
[2025-02-27T15:21:42.587Z] [INFO] API URL: http://localhost:3000
[2025-02-27T15:21:42.587Z] [INFO] Update Interval: 1 minutes
[2025-02-27T15:21:42.587Z] [INFO] Starting stock price update...
[2025-02-27T15:21:42.828Z] [INFO] Stock prices updated successfully: Stock prices updated successfully
[2025-02-27T15:21:42.829Z] [INFO] Recording price history...
[2025-02-27T15:21:42.943Z] [INFO] Price history recorded successfully: Price history recorded successfully
[2025-02-27T15:21:42.947Z] [INFO] Scheduled stock updates every 1 minutes
[2025-02-27T15:22:11.742Z] [WARN] Received shutdown signal. Stopping stock price updater.
[2025-02-27T15:23:03.165Z] [INFO] Stock Price Updater Started
[2025-02-27T15:23:03.171Z] [INFO] API URL: http://localhost:3000
[2025-02-27T15:23:03.171Z] [INFO] Update Interval: 1 minutes
[2025-02-27T15:23:03.172Z] [INFO] Starting stock price update...
[2025-02-27T15:23:03.416Z] [INFO] Stock prices updated successfully: Stock prices updated successfully
[2025-02-27T15:23:03.416Z] [INFO] Recording price history...
[2025-02-27T15:23:03.551Z] [INFO] Price history recorded successfully: Price history recorded successfully
[2025-02-27T15:23:03.553Z] [INFO] Scheduled stock updates every 1 minutes
[2025-02-27T15:24:03.556Z] [INFO] Starting stock price update...
[2025-02-27T15:24:03.781Z] [INFO] Stock prices updated successfully: Stock prices updated successfully
[2025-02-27T15:24:03.782Z] [INFO] Recording price history...
[2025-02-27T15:24:03.893Z] [INFO] Price history recorded successfully: Price history recorded successfully
[2025-02-27T15:25:03.559Z] [INFO] Starting stock price update...
[2025-02-27T15:25:03.829Z] [INFO] Stock prices updated successfully: Stock prices updated successfully
[2025-02-27T15:25:03.830Z] [INFO] Recording price history...
[2025-02-27T15:25:03.945Z] [INFO] Price history recorded successfully: Price history recorded successfully
[2025-02-27T15:26:03.561Z] [INFO] Starting stock price update...
[2025-02-27T15:26:03.824Z] [INFO] Stock prices updated successfully: Stock prices updated successfully
[2025-02-27T15:26:03.825Z] [INFO] Recording price history...
[2025-02-27T15:26:03.943Z] [INFO] Price history recorded successfully: Price history recorded successfully
[2025-02-27T15:27:03.561Z] [INFO] Starting stock price update...
[2025-02-27T15:27:03.788Z] [INFO] Stock prices updated successfully: Stock prices updated successfully
[2025-02-27T15:27:03.788Z] [INFO] Recording price history...
[2025-02-27T15:27:03.898Z] [INFO] Price history recorded successfully: Price history recorded successfully
[2025-02-27T15:28:03.563Z] [INFO] Starting stock price update...
[2025-02-27T15:28:03.847Z] [INFO] Stock prices updated successfully: Stock prices updated successfully
[2025-02-27T15:28:03.848Z] [INFO] Recording price history...
[2025-02-27T15:28:03.978Z] [INFO] Price history recorded successfully: Price history recorded successfully
[2025-02-27T15:29:03.564Z] [INFO] Starting stock price update...
[2025-02-27T15:29:03.822Z] [INFO] Stock prices updated successfully: Stock prices updated successfully
[2025-02-27T15:29:03.823Z] [INFO] Recording price history...
[2025-02-27T15:29:03.938Z] [INFO] Price history recorded successfully: Price history recorded successfully
[2025-02-27T15:30:03.565Z] [INFO] Starting stock price update...
[2025-02-27T15:30:03.865Z] [INFO] Stock prices updated successfully: Stock prices updated successfully
[2025-02-27T15:30:03.866Z] [INFO] Recording price history...
[2025-02-27T15:30:03.979Z] [INFO] Price history recorded successfully: Price history recorded successfully
[2025-02-27T15:31:03.572Z] [INFO] Starting stock price update...
[2025-02-27T15:31:03.821Z] [INFO] Stock prices updated successfully: Stock prices updated successfully
[2025-02-27T15:31:03.822Z] [INFO] Recording price history...
[2025-02-27T15:31:03.944Z] [INFO] Price history recorded successfully: Price history recorded successfully
[2025-02-27T15:32:03.573Z] [INFO] Starting stock price update...
[2025-02-27T15:32:03.812Z] [INFO] Stock prices updated successfully: Stock prices updated successfully
[2025-02-27T15:32:03.813Z] [INFO] Recording price history...
[2025-02-27T15:32:03.922Z] [INFO] Price history recorded successfully: Price history recorded successfully
[2025-02-27T15:33:03.574Z] [INFO] Starting stock price update...
[2025-02-27T15:33:03.860Z] [INFO] Stock prices updated successfully: Stock prices updated successfully
[2025-02-27T15:33:03.861Z] [INFO] Recording price history...
[2025-02-27T15:33:03.973Z] [INFO] Price history recorded successfully: Price history recorded successfully
[2025-02-27T15:34:03.576Z] [INFO] Starting stock price update...
[2025-02-27T15:34:03.831Z] [INFO] Stock prices updated successfully: Stock prices updated successfully
[2025-02-27T15:34:03.832Z] [INFO] Recording price history...
[2025-02-27T15:34:03.950Z] [INFO] Price history recorded successfully: Price history recorded successfully
[2025-02-27T15:35:03.577Z] [INFO] Starting stock price update...
[2025-02-27T15:35:03.834Z] [INFO] Stock prices updated successfully: Stock prices updated successfully
[2025-02-27T15:35:03.835Z] [INFO] Recording price history...
[2025-02-27T15:35:04.049Z] [INFO] Price history recorded successfully: Price history recorded successfully
[2025-02-27T15:36:03.579Z] [INFO] Starting stock price update...
[2025-02-27T15:36:03.880Z] [INFO] Stock prices updated successfully: Stock prices updated successfully
[2025-02-27T15:36:03.881Z] [INFO] Recording price history...
[2025-02-27T15:36:03.987Z] [INFO] Price history recorded successfully: Price history recorded successfully
[2025-02-27T15:37:03.580Z] [INFO] Starting stock price update...
[2025-02-27T15:37:03.868Z] [INFO] Stock prices updated successfully: Stock prices updated successfully
[2025-02-27T15:37:03.869Z] [INFO] Recording price history...
[2025-02-27T15:37:03.980Z] [INFO] Price history recorded successfully: Price history recorded successfully
[2025-02-27T15:37:09.617Z] [WARN] Received shutdown signal. Stopping stock price updater.
[2025-02-27T15:40:57.484Z] [INFO] Stock Price Updater Started
[2025-02-27T15:40:57.495Z] [INFO] API URL: http://localhost:3000
[2025-02-27T15:40:57.495Z] [INFO] Update Interval: 1 minutes
[2025-02-27T15:40:57.496Z] [INFO] Starting stock price update...
[2025-02-27T15:40:57.743Z] [INFO] Stock prices updated successfully: Stock prices updated successfully
[2025-02-27T15:40:57.744Z] [INFO] Recording price history...
[2025-02-27T15:40:57.876Z] [INFO] Price history recorded successfully: Price history recorded successfully
[2025-02-27T15:40:57.877Z] [INFO] Scheduled stock updates every 1 minutes
[2025-02-27T15:41:46.863Z] [WARN] Received shutdown signal. Stopping stock price updater.
[2025-02-27T15:41:50.707Z] [INFO] Stock Price Updater Started
[2025-02-27T15:41:50.716Z] [INFO] API URL: http://localhost:3000
[2025-02-27T15:41:50.717Z] [INFO] Update Interval: 1 minutes
[2025-02-27T15:41:50.717Z] [INFO] Starting stock price update...
[2025-02-27T15:41:50.953Z] [INFO] Stock prices updated successfully: Stock prices updated successfully
[2025-02-27T15:41:50.953Z] [INFO] Recording price history...
[2025-02-27T15:41:51.070Z] [INFO] Price history recorded successfully: Price history recorded successfully
[2025-02-27T15:41:51.071Z] [INFO] Scheduled stock updates every 1 minutes
[2025-02-27T15:41:51.599Z] [WARN] Received shutdown signal. Stopping stock price updater.
[2025-02-27T15:41:53.436Z] [INFO] Stock Price Updater Started
[2025-02-27T15:41:53.442Z] [INFO] API URL: http://localhost:3000
[2025-02-27T15:41:53.442Z] [INFO] Update Interval: 1 minutes
[2025-02-27T15:41:53.442Z] [INFO] Starting stock price update...
[2025-02-27T15:41:53.577Z] [INFO] Stock prices updated successfully: Stock prices updated successfully
[2025-02-27T15:41:53.577Z] [INFO] Recording price history...
[2025-02-27T15:41:53.684Z] [INFO] Price history recorded successfully: Price history recorded successfully
[2025-02-27T15:41:53.685Z] [INFO] Scheduled stock updates every 1 minutes
[2025-02-27T15:41:54.277Z] [WARN] Received shutdown signal. Stopping stock price updater.
[2025-02-27T15:41:56.844Z] [INFO] Stock Price Updater Started
[2025-02-27T15:41:56.850Z] [INFO] API URL: http://localhost:3000
[2025-02-27T15:41:56.851Z] [INFO] Update Interval: 1 minutes
[2025-02-27T15:41:56.851Z] [INFO] Starting stock price update...
[2025-02-27T15:41:57.039Z] [INFO] Stock prices updated successfully: Stock prices updated successfully
[2025-02-27T15:41:57.041Z] [INFO] Recording price history...
[2025-02-27T15:41:57.155Z] [INFO] Price history recorded successfully: Price history recorded successfully
[2025-02-27T15:41:57.156Z] [INFO] Scheduled stock updates every 1 minutes
[2025-02-27T15:41:57.436Z] [WARN] Received shutdown signal. Stopping stock price updater.
[2025-02-27T15:41:58.889Z] [INFO] Stock Price Updater Started
[2025-02-27T15:41:58.894Z] [INFO] API URL: http://localhost:3000
[2025-02-27T15:41:58.894Z] [INFO] Update Interval: 1 minutes
[2025-02-27T15:41:58.894Z] [INFO] Starting stock price update...
[2025-02-27T15:41:59.047Z] [INFO] Stock prices updated successfully: Stock prices updated successfully
[2025-02-27T15:41:59.048Z] [INFO] Recording price history...
[2025-02-27T15:41:59.199Z] [INFO] Price history recorded successfully: Price history recorded successfully
[2025-02-27T15:41:59.202Z] [INFO] Scheduled stock updates every 1 minutes
[2025-02-27T15:42:00.181Z] [WARN] Received shutdown signal. Stopping stock price updater.
[2025-02-27T15:42:01.674Z] [INFO] Stock Price Updater Started
[2025-02-27T15:42:01.679Z] [INFO] API URL: http://localhost:3000
[2025-02-27T15:42:01.679Z] [INFO] Update Interval: 1 minutes
[2025-02-27T15:42:01.679Z] [INFO] Starting stock price update...
[2025-02-27T15:42:01.822Z] [INFO] Stock prices updated successfully: Stock prices updated successfully
[2025-02-27T15:42:01.823Z] [INFO] Recording price history...
[2025-02-27T15:42:01.931Z] [INFO] Price history recorded successfully: Price history recorded successfully
[2025-02-27T15:42:01.933Z] [INFO] Scheduled stock updates every 1 minutes
[2025-02-27T15:42:03.352Z] [WARN] Received shutdown signal. Stopping stock price updater.
[2025-02-27T15:42:07.846Z] [INFO] Stock Price Updater Started
[2025-02-27T15:42:07.851Z] [INFO] API URL: http://localhost:3000
[2025-02-27T15:42:07.851Z] [INFO] Update Interval: 1 minutes
[2025-02-27T15:42:07.851Z] [INFO] Starting stock price update...
[2025-02-27T15:42:08.116Z] [INFO] Stock prices updated successfully: Stock prices updated successfully
[2025-02-27T15:42:08.117Z] [INFO] Recording price history...
[2025-02-27T15:42:08.245Z] [INFO] Price history recorded successfully: Price history recorded successfully
[2025-02-27T15:42:08.246Z] [INFO] Scheduled stock updates every 1 minutes
[2025-02-27T15:42:08.889Z] [WARN] Received shutdown signal. Stopping stock price updater.
[2025-02-27T15:42:10.041Z] [INFO] Stock Price Updater Started
[2025-02-27T15:42:10.046Z] [INFO] API URL: http://localhost:3000
[2025-02-27T15:42:10.046Z] [INFO] Update Interval: 1 minutes
[2025-02-27T15:42:10.047Z] [INFO] Starting stock price update...
[2025-02-27T15:42:10.190Z] [INFO] Stock prices updated successfully: Stock prices updated successfully
[2025-02-27T15:42:10.191Z] [INFO] Recording price history...
[2025-02-27T15:42:10.304Z] [INFO] Price history recorded successfully: Price history recorded successfully
[2025-02-27T15:42:10.305Z] [INFO] Scheduled stock updates every 1 minutes
[2025-02-27T15:42:10.963Z] [WARN] Received shutdown signal. Stopping stock price updater.
[2025-02-27T15:42:12.175Z] [INFO] Stock Price Updater Started
[2025-02-27T15:42:12.179Z] [INFO] API URL: http://localhost:3000
[2025-02-27T15:42:12.179Z] [INFO] Update Interval: 1 minutes
[2025-02-27T15:42:12.179Z] [INFO] Starting stock price update...
[2025-02-27T15:42:12.334Z] [INFO] Stock prices updated successfully: Stock prices updated successfully
[2025-02-27T15:42:12.334Z] [INFO] Recording price history...
[2025-02-27T15:42:12.478Z] [INFO] Price history recorded successfully: Price history recorded successfully
[2025-02-27T15:42:12.480Z] [INFO] Scheduled stock updates every 1 minutes
[2025-02-27T15:42:13.053Z] [WARN] Received shutdown signal. Stopping stock price updater.
[2025-02-27T15:42:14.260Z] [INFO] Stock Price Updater Started
[2025-02-27T15:42:14.265Z] [INFO] API URL: http://localhost:3000
[2025-02-27T15:42:14.265Z] [INFO] Update Interval: 1 minutes
[2025-02-27T15:42:14.265Z] [INFO] Starting stock price update...
[2025-02-27T15:42:14.401Z] [INFO] Stock prices updated successfully: Stock prices updated successfully
[2025-02-27T15:42:14.402Z] [INFO] Recording price history...
[2025-02-27T15:42:14.524Z] [INFO] Price history recorded successfully: Price history recorded successfully
[2025-02-27T15:42:14.525Z] [INFO] Scheduled stock updates every 1 minutes
[2025-02-27T15:42:15.202Z] [WARN] Received shutdown signal. Stopping stock price updater.
[2025-02-27T15:42:16.016Z] [INFO] Stock Price Updater Started
[2025-02-27T15:42:16.021Z] [INFO] API URL: http://localhost:3000
[2025-02-27T15:42:16.021Z] [INFO] Update Interval: 1 minutes
[2025-02-27T15:42:16.021Z] [INFO] Starting stock price update...
[2025-02-27T15:42:16.189Z] [INFO] Stock prices updated successfully: Stock prices updated successfully
[2025-02-27T15:42:16.190Z] [INFO] Recording price history...
[2025-02-27T15:42:16.311Z] [INFO] Price history recorded successfully: Price history recorded successfully
[2025-02-27T15:42:16.312Z] [INFO] Scheduled stock updates every 1 minutes
[2025-02-27T15:42:16.823Z] [WARN] Received shutdown signal. Stopping stock price updater.
[2025-02-27T15:42:17.607Z] [INFO] Stock Price Updater Started
[2025-02-27T15:42:17.612Z] [INFO] API URL: http://localhost:3000
[2025-02-27T15:42:17.612Z] [INFO] Update Interval: 1 minutes
[2025-02-27T15:42:17.612Z] [INFO] Starting stock price update...
[2025-02-27T15:42:17.754Z] [INFO] Stock prices updated successfully: Stock prices updated successfully
[2025-02-27T15:42:17.754Z] [INFO] Recording price history...
[2025-02-27T15:42:17.872Z] [INFO] Price history recorded successfully: Price history recorded successfully
[2025-02-27T15:42:17.874Z] [INFO] Scheduled stock updates every 1 minutes
[2025-02-27T15:42:18.096Z] [WARN] Received shutdown signal. Stopping stock price updater.
[2025-02-27T15:42:19.358Z] [INFO] Stock Price Updater Started
[2025-02-27T15:42:19.363Z] [INFO] API URL: http://localhost:3000
[2025-02-27T15:42:19.363Z] [INFO] Update Interval: 1 minutes
[2025-02-27T15:42:19.363Z] [INFO] Starting stock price update...
[2025-02-27T15:42:19.694Z] [INFO] Stock prices updated successfully: Stock prices updated successfully
[2025-02-27T15:42:19.696Z] [INFO] Recording price history...
[2025-02-27T15:42:19.814Z] [INFO] Price history recorded successfully: Price history recorded successfully
[2025-02-27T15:42:19.815Z] [INFO] Scheduled stock updates every 1 minutes
[2025-02-27T15:42:20.229Z] [WARN] Received shutdown signal. Stopping stock price updater.
[2025-02-27T15:42:21.001Z] [INFO] Stock Price Updater Started
[2025-02-27T15:42:21.006Z] [INFO] API URL: http://localhost:3000
[2025-02-27T15:42:21.006Z] [INFO] Update Interval: 1 minutes
[2025-02-27T15:42:21.006Z] [INFO] Starting stock price update...
[2025-02-27T15:42:21.151Z] [INFO] Stock prices updated successfully: Stock prices updated successfully
[2025-02-27T15:42:21.152Z] [INFO] Recording price history...
[2025-02-27T15:42:21.263Z] [INFO] Price history recorded successfully: Price history recorded successfully
[2025-02-27T15:42:21.264Z] [INFO] Scheduled stock updates every 1 minutes
[2025-02-27T15:42:21.916Z] [WARN] Received shutdown signal. Stopping stock price updater.
[2025-02-27T15:42:23.066Z] [INFO] Stock Price Updater Started
[2025-02-27T15:42:23.071Z] [INFO] API URL: http://localhost:3000
[2025-02-27T15:42:23.071Z] [INFO] Update Interval: 1 minutes
[2025-02-27T15:42:23.071Z] [INFO] Starting stock price update...
[2025-02-27T15:42:23.215Z] [INFO] Stock prices updated successfully: Stock prices updated successfully
[2025-02-27T15:42:23.218Z] [INFO] Recording price history...
[2025-02-27T15:42:23.354Z] [INFO] Price history recorded successfully: Price history recorded successfully
[2025-02-27T15:42:23.355Z] [INFO] Scheduled stock updates every 1 minutes
[2025-02-27T15:42:23.979Z] [WARN] Received shutdown signal. Stopping stock price updater.
[2025-02-27T15:42:27.544Z] [INFO] Stock Price Updater Started
[2025-02-27T15:42:27.551Z] [INFO] API URL: http://localhost:3000
[2025-02-27T15:42:27.551Z] [INFO] Update Interval: 1 minutes
[2025-02-27T15:42:27.551Z] [INFO] Starting stock price update...
[2025-02-27T15:42:27.770Z] [INFO] Stock prices updated successfully: Stock prices updated successfully
[2025-02-27T15:42:27.771Z] [INFO] Recording price history...
[2025-02-27T15:42:27.877Z] [INFO] Price history recorded successfully: Price history recorded successfully
[2025-02-27T15:42:27.880Z] [INFO] Scheduled stock updates every 1 minutes
[2025-02-27T15:42:28.519Z] [WARN] Received shutdown signal. Stopping stock price updater.
[2025-02-27T15:42:29.433Z] [INFO] Stock Price Updater Started
[2025-02-27T15:42:29.438Z] [INFO] API URL: http://localhost:3000
[2025-02-27T15:42:29.438Z] [INFO] Update Interval: 1 minutes
[2025-02-27T15:42:29.438Z] [INFO] Starting stock price update...
[2025-02-27T15:42:29.586Z] [INFO] Stock prices updated successfully: Stock prices updated successfully
[2025-02-27T15:42:29.587Z] [INFO] Recording price history...
[2025-02-27T15:42:29.726Z] [INFO] Price history recorded successfully: Price history recorded successfully
[2025-02-27T15:42:29.728Z] [INFO] Scheduled stock updates every 1 minutes
[2025-02-27T15:42:30.772Z] [WARN] Received shutdown signal. Stopping stock price updater.
[2025-02-27T15:42:31.544Z] [INFO] Stock Price Updater Started
[2025-02-27T15:42:31.549Z] [INFO] API URL: http://localhost:3000
[2025-02-27T15:42:31.549Z] [INFO] Update Interval: 1 minutes
[2025-02-27T15:42:31.549Z] [INFO] Starting stock price update...
[2025-02-27T15:42:31.695Z] [INFO] Stock prices updated successfully: Stock prices updated successfully
[2025-02-27T15:42:31.696Z] [INFO] Recording price history...
[2025-02-27T15:42:31.806Z] [INFO] Price history recorded successfully: Price history recorded successfully
[2025-02-27T15:42:31.807Z] [INFO] Scheduled stock updates every 1 minutes
[2025-02-27T15:42:32.417Z] [WARN] Received shutdown signal. Stopping stock price updater.
[2025-02-28T04:33:00.716Z] [INFO] Stock Price Updater Started
[2025-02-28T04:33:00.727Z] [INFO] API URL: http://localhost:3000
[2025-02-28T04:33:00.727Z] [INFO] Update Interval: 1 minutes
[2025-02-28T04:33:00.727Z] [INFO] Starting stock price update...
[2025-02-28T04:33:01.143Z] [INFO] Stock prices updated successfully: Stock prices updated successfully
[2025-02-28T04:33:01.144Z] [INFO] Recording price history...
[2025-02-28T04:33:01.769Z] [INFO] Price history recorded successfully: Price history recorded successfully
[2025-02-28T04:33:01.774Z] [INFO] Scheduled stock updates every 1 minutes
[2025-02-28T04:33:47.108Z] [WARN] Received shutdown signal. Stopping stock price updater.
[2025-02-28T04:33:49.240Z] [INFO] Stock Price Updater Started
[2025-02-28T04:33:49.247Z] [INFO] API URL: http://localhost:3000
[2025-02-28T04:33:49.247Z] [INFO] Update Interval: 1 minutes
[2025-02-28T04:33:49.247Z] [INFO] Starting stock price update...
[2025-02-28T04:33:50.181Z] [INFO] Stock prices updated successfully: Stock prices updated successfully
[2025-02-28T04:33:50.182Z] [INFO] Recording price history...
[2025-02-28T04:33:50.331Z] [INFO] Price history recorded successfully: Price history recorded successfully
[2025-02-28T04:33:50.333Z] [INFO] Scheduled stock updates every 1 minutes
[2025-02-28T04:33:59.075Z] [WARN] Received shutdown signal. Stopping stock price updater.
[2025-02-28T04:34:02.245Z] [INFO] Stock Price Updater Started
[2025-02-28T04:34:02.252Z] [INFO] API URL: http://localhost:3000
[2025-02-28T04:34:02.252Z] [INFO] Update Interval: 1 minutes
[2025-02-28T04:34:02.252Z] [INFO] Starting stock price update...
[2025-02-28T04:34:02.635Z] [INFO] Stock prices updated successfully: Stock prices updated successfully
[2025-02-28T04:34:02.637Z] [INFO] Recording price history...
[2025-02-28T04:34:02.796Z] [INFO] Price history recorded successfully: Price history recorded successfully
[2025-02-28T04:34:02.798Z] [INFO] Scheduled stock updates every 1 minutes
[2025-02-28T04:34:05.185Z] [WARN] Received shutdown signal. Stopping stock price updater.
[2025-02-28T04:34:41.754Z] [INFO] Stock Price Updater Started
[2025-02-28T04:34:41.768Z] [INFO] API URL: http://localhost:3000
[2025-02-28T04:34:41.768Z] [INFO] Update Interval: 1 minutes
[2025-02-28T04:34:41.768Z] [INFO] Starting stock price update...
[2025-02-28T04:34:42.124Z] [INFO] Stock prices updated successfully: Stock prices updated successfully
[2025-02-28T04:34:42.125Z] [INFO] Recording price history...
[2025-02-28T04:34:42.269Z] [INFO] Price history recorded successfully: Price history recorded successfully
[2025-02-28T04:34:42.270Z] [INFO] Scheduled stock updates every 1 minutes
[2025-02-28T04:34:43.553Z] [WARN] Received shutdown signal. Stopping stock price updater.
[2025-02-28T04:34:44.448Z] [INFO] Stock Price Updater Started
[2025-02-28T04:34:44.453Z] [INFO] API URL: http://localhost:3000
[2025-02-28T04:34:44.453Z] [INFO] Update Interval: 1 minutes
[2025-02-28T04:34:44.453Z] [INFO] Starting stock price update...
[2025-02-28T04:34:44.669Z] [INFO] Stock prices updated successfully: Stock prices updated successfully
[2025-02-28T04:34:44.673Z] [INFO] Recording price history...
[2025-02-28T04:34:44.841Z] [INFO] Price history recorded successfully: Price history recorded successfully
[2025-02-28T04:34:44.842Z] [INFO] Scheduled stock updates every 1 minutes
[2025-02-28T04:34:45.446Z] [WARN] Received shutdown signal. Stopping stock price updater.
[2025-02-28T04:34:46.131Z] [INFO] Stock Price Updater Started
[2025-02-28T04:34:46.137Z] [INFO] API URL: http://localhost:3000
[2025-02-28T04:34:46.137Z] [INFO] Update Interval: 1 minutes
[2025-02-28T04:34:46.137Z] [INFO] Starting stock price update...
[2025-02-28T04:34:46.343Z] [INFO] Stock prices updated successfully: Stock prices updated successfully
[2025-02-28T04:34:46.344Z] [INFO] Recording price history...
[2025-02-28T04:34:46.474Z] [INFO] Price history recorded successfully: Price history recorded successfully
[2025-02-28T04:34:46.476Z] [INFO] Scheduled stock updates every 1 minutes
[2025-02-28T04:34:47.195Z] [WARN] Received shutdown signal. Stopping stock price updater.
[2025-02-28T04:34:48.456Z] [INFO] Stock Price Updater Started
[2025-02-28T04:34:48.462Z] [INFO] API URL: http://localhost:3000
[2025-02-28T04:34:48.462Z] [INFO] Update Interval: 1 minutes
[2025-02-28T04:34:48.462Z] [INFO] Starting stock price update...
[2025-02-28T04:34:48.663Z] [INFO] Stock prices updated successfully: Stock prices updated successfully
[2025-02-28T04:34:48.664Z] [INFO] Recording price history...
[2025-02-28T04:34:48.785Z] [INFO] Price history recorded successfully: Price history recorded successfully
[2025-02-28T04:34:48.786Z] [INFO] Scheduled stock updates every 1 minutes
[2025-02-28T04:34:49.340Z] [WARN] Received shutdown signal. Stopping stock price updater.
[2025-02-28T04:34:50.209Z] [INFO] Stock Price Updater Started
[2025-02-28T04:34:50.215Z] [INFO] API URL: http://localhost:3000
[2025-02-28T04:34:50.215Z] [INFO] Update Interval: 1 minutes
[2025-02-28T04:34:50.215Z] [INFO] Starting stock price update...
[2025-02-28T04:34:50.437Z] [INFO] Stock prices updated successfully: Stock prices updated successfully
[2025-02-28T04:34:50.438Z] [INFO] Recording price history...
[2025-02-28T04:34:50.568Z] [INFO] Price history recorded successfully: Price history recorded successfully
[2025-02-28T04:34:50.569Z] [INFO] Scheduled stock updates every 1 minutes
[2025-02-28T04:34:51.154Z] [WARN] Received shutdown signal. Stopping stock price updater.
[2025-02-28T04:34:51.970Z] [INFO] Stock Price Updater Started
[2025-02-28T04:34:51.975Z] [INFO] API URL: http://localhost:3000
[2025-02-28T04:34:51.975Z] [INFO] Update Interval: 1 minutes
[2025-02-28T04:34:51.975Z] [INFO] Starting stock price update...
[2025-02-28T04:34:52.224Z] [INFO] Stock prices updated successfully: Stock prices updated successfully
[2025-02-28T04:34:52.225Z] [INFO] Recording price history...
[2025-02-28T04:34:52.352Z] [INFO] Price history recorded successfully: Price history recorded successfully
[2025-02-28T04:34:52.353Z] [INFO] Scheduled stock updates every 1 minutes
[2025-02-28T04:34:52.912Z] [WARN] Received shutdown signal. Stopping stock price updater.
[2025-02-28T04:34:53.731Z] [INFO] Stock Price Updater Started
[2025-02-28T04:34:53.735Z] [INFO] API URL: http://localhost:3000
[2025-02-28T04:34:53.735Z] [INFO] Update Interval: 1 minutes
[2025-02-28T04:34:53.736Z] [INFO] Starting stock price update...
[2025-02-28T04:34:53.997Z] [INFO] Stock prices updated successfully: Stock prices updated successfully
[2025-02-28T04:34:53.998Z] [INFO] Recording price history...
[2025-02-28T04:34:54.127Z] [INFO] Price history recorded successfully: Price history recorded successfully
[2025-02-28T04:34:54.129Z] [INFO] Scheduled stock updates every 1 minutes
[2025-02-28T04:34:54.736Z] [WARN] Received shutdown signal. Stopping stock price updater.
[2025-02-28T04:34:55.657Z] [INFO] Stock Price Updater Started
[2025-02-28T04:34:55.661Z] [INFO] API URL: http://localhost:3000
[2025-02-28T04:34:55.662Z] [INFO] Update Interval: 1 minutes
[2025-02-28T04:34:55.662Z] [INFO] Starting stock price update...
[2025-02-28T04:34:56.074Z] [INFO] Stock prices updated successfully: Stock prices updated successfully
[2025-02-28T04:34:56.075Z] [INFO] Recording price history...
[2025-02-28T04:34:56.219Z] [INFO] Price history recorded successfully: Price history recorded successfully
[2025-02-28T04:34:56.221Z] [INFO] Scheduled stock updates every 1 minutes
[2025-02-28T04:34:56.979Z] [WARN] Received shutdown signal. Stopping stock price updater.
[2025-02-28T04:34:57.985Z] [INFO] Stock Price Updater Started
[2025-02-28T04:34:57.990Z] [INFO] API URL: http://localhost:3000
[2025-02-28T04:34:57.990Z] [INFO] Update Interval: 1 minutes
[2025-02-28T04:34:57.990Z] [INFO] Starting stock price update...
[2025-02-28T04:34:58.545Z] [INFO] Stock prices updated successfully: Stock prices updated successfully
[2025-02-28T04:34:58.546Z] [INFO] Recording price history...
[2025-02-28T04:34:58.681Z] [INFO] Price history recorded successfully: Price history recorded successfully
[2025-02-28T04:34:58.682Z] [INFO] Scheduled stock updates every 1 minutes
[2025-02-28T04:34:59.501Z] [WARN] Received shutdown signal. Stopping stock price updater.
[2025-02-28T04:35:00.645Z] [INFO] Stock Price Updater Started
[2025-02-28T04:35:00.651Z] [INFO] API URL: http://localhost:3000
[2025-02-28T04:35:00.651Z] [INFO] Update Interval: 1 minutes
[2025-02-28T04:35:00.651Z] [INFO] Starting stock price update...
[2025-02-28T04:35:00.854Z] [INFO] Stock prices updated successfully: Stock prices updated successfully
[2025-02-28T04:35:00.855Z] [INFO] Recording price history...
[2025-02-28T04:35:00.976Z] [INFO] Price history recorded successfully: Price history recorded successfully
[2025-02-28T04:35:00.977Z] [INFO] Scheduled stock updates every 1 minutes
[2025-02-28T04:35:01.857Z] [WARN] Received shutdown signal. Stopping stock price updater.
[2025-02-28T04:35:02.622Z] [INFO] Stock Price Updater Started
[2025-02-28T04:35:02.627Z] [INFO] API URL: http://localhost:3000
[2025-02-28T04:35:02.627Z] [INFO] Update Interval: 1 minutes
[2025-02-28T04:35:02.627Z] [INFO] Starting stock price update...
[2025-02-28T04:35:02.831Z] [INFO] Stock prices updated successfully: Stock prices updated successfully
[2025-02-28T04:35:02.831Z] [INFO] Recording price history...
[2025-02-28T04:35:02.956Z] [INFO] Price history recorded successfully: Price history recorded successfully
[2025-02-28T04:35:02.957Z] [INFO] Scheduled stock updates every 1 minutes
[2025-02-28T04:35:03.628Z] [WARN] Received shutdown signal. Stopping stock price updater.
[2025-02-28T04:35:41.644Z] [INFO] Stock Price Updater Started
[2025-02-28T04:35:41.654Z] [INFO] API URL: http://localhost:3000
[2025-02-28T04:35:41.654Z] [INFO] Update Interval: 1 minutes
[2025-02-28T04:35:41.654Z] [INFO] Starting stock price update...
[2025-02-28T04:35:42.020Z] [INFO] Stock prices updated successfully: Stock prices updated successfully
[2025-02-28T04:35:42.022Z] [INFO] Recording price history...
[2025-02-28T04:35:42.175Z] [INFO] Price history recorded successfully: Price history recorded successfully
[2025-02-28T04:35:42.176Z] [INFO] Scheduled stock updates every 1 minutes
[2025-02-28T04:35:43.337Z] [WARN] Received shutdown signal. Stopping stock price updater.
[2025-02-28T04:35:43.908Z] [INFO] Stock Price Updater Started
[2025-02-28T04:35:43.913Z] [INFO] API URL: http://localhost:3000
[2025-02-28T04:35:43.913Z] [INFO] Update Interval: 1 minutes
[2025-02-28T04:35:43.913Z] [INFO] Starting stock price update...
[2025-02-28T04:35:44.103Z] [INFO] Stock prices updated successfully: Stock prices updated successfully
[2025-02-28T04:35:44.104Z] [INFO] Recording price history...
[2025-02-28T04:35:44.220Z] [INFO] Price history recorded successfully: Price history recorded successfully
[2025-02-28T04:35:44.222Z] [INFO] Scheduled stock updates every 1 minutes
[2025-02-28T04:35:44.839Z] [WARN] Received shutdown signal. Stopping stock price updater.
[2025-02-28T04:35:45.486Z] [INFO] Stock Price Updater Started
[2025-02-28T04:35:45.492Z] [INFO] API URL: http://localhost:3000
[2025-02-28T04:35:45.492Z] [INFO] Update Interval: 1 minutes
[2025-02-28T04:35:45.492Z] [INFO] Starting stock price update...
[2025-02-28T04:35:45.691Z] [INFO] Stock prices updated successfully: Stock prices updated successfully
[2025-02-28T04:35:45.692Z] [INFO] Recording price history...
[2025-02-28T04:35:45.820Z] [INFO] Price history recorded successfully: Price history recorded successfully
[2025-02-28T04:35:45.821Z] [INFO] Scheduled stock updates every 1 minutes
[2025-02-28T04:35:46.407Z] [WARN] Received shutdown signal. Stopping stock price updater.
[2025-02-28T04:35:47.163Z] [INFO] Stock Price Updater Started
[2025-02-28T04:35:47.168Z] [INFO] API URL: http://localhost:3000
[2025-02-28T04:35:47.168Z] [INFO] Update Interval: 1 minutes
[2025-02-28T04:35:47.168Z] [INFO] Starting stock price update...
[2025-02-28T04:35:47.368Z] [INFO] Stock prices updated successfully: Stock prices updated successfully
[2025-02-28T04:35:47.369Z] [INFO] Recording price history...
[2025-02-28T04:35:47.497Z] [INFO] Price history recorded successfully: Price history recorded successfully
[2025-02-28T04:35:47.499Z] [INFO] Scheduled stock updates every 1 minutes
[2025-02-28T04:35:48.069Z] [WARN] Received shutdown signal. Stopping stock price updater.
[2025-02-28T04:35:48.800Z] [INFO] Stock Price Updater Started
[2025-02-28T04:35:48.805Z] [INFO] API URL: http://localhost:3000
[2025-02-28T04:35:48.805Z] [INFO] Update Interval: 1 minutes
[2025-02-28T04:35:48.805Z] [INFO] Starting stock price update...
[2025-02-28T04:35:49.227Z] [INFO] Stock prices updated successfully: Stock prices updated successfully
[2025-02-28T04:35:49.228Z] [INFO] Recording price history...
[2025-02-28T04:35:49.356Z] [INFO] Price history recorded successfully: Price history recorded successfully
[2025-02-28T04:35:49.357Z] [INFO] Scheduled stock updates every 1 minutes
[2025-02-28T04:35:49.710Z] [WARN] Received shutdown signal. Stopping stock price updater.
[2025-02-28T04:35:50.552Z] [INFO] Stock Price Updater Started
[2025-02-28T04:35:50.558Z] [INFO] API URL: http://localhost:3000
[2025-02-28T04:35:50.558Z] [INFO] Update Interval: 1 minutes
[2025-02-28T04:35:50.558Z] [INFO] Starting stock price update...
[2025-02-28T04:35:50.763Z] [INFO] Stock prices updated successfully: Stock prices updated successfully
[2025-02-28T04:35:50.763Z] [INFO] Recording price history...
[2025-02-28T04:35:50.888Z] [INFO] Price history recorded successfully: Price history recorded successfully
[2025-02-28T04:35:50.889Z] [INFO] Scheduled stock updates every 1 minutes
[2025-02-28T04:35:51.253Z] [WARN] Received shutdown signal. Stopping stock price updater.
[2025-02-28T04:35:52.010Z] [INFO] Stock Price Updater Started
[2025-02-28T04:35:52.016Z] [INFO] API URL: http://localhost:3000
[2025-02-28T04:35:52.016Z] [INFO] Update Interval: 1 minutes
[2025-02-28T04:35:52.016Z] [INFO] Starting stock price update...
[2025-02-28T04:35:52.209Z] [INFO] Stock prices updated successfully: Stock prices updated successfully
[2025-02-28T04:35:52.211Z] [INFO] Recording price history...
[2025-02-28T04:35:52.344Z] [INFO] Price history recorded successfully: Price history recorded successfully
[2025-02-28T04:35:52.345Z] [INFO] Scheduled stock updates every 1 minutes
[2025-02-28T04:35:52.719Z] [WARN] Received shutdown signal. Stopping stock price updater.
[2025-02-28T04:35:53.438Z] [INFO] Stock Price Updater Started
[2025-02-28T04:35:53.443Z] [INFO] API URL: http://localhost:3000
[2025-02-28T04:35:53.443Z] [INFO] Update Interval: 1 minutes
[2025-02-28T04:35:53.443Z] [INFO] Starting stock price update...
[2025-02-28T04:35:53.646Z] [INFO] Stock prices updated successfully: Stock prices updated successfully
[2025-02-28T04:35:53.648Z] [INFO] Recording price history...
[2025-02-28T04:35:53.770Z] [INFO] Price history recorded successfully: Price history recorded successfully
[2025-02-28T04:35:53.770Z] [INFO] Scheduled stock updates every 1 minutes
[2025-02-28T04:35:53.922Z] [WARN] Received shutdown signal. Stopping stock price updater.
[2025-02-28T04:35:54.673Z] [INFO] Stock Price Updater Started
[2025-02-28T04:35:54.678Z] [INFO] API URL: http://localhost:3000
[2025-02-28T04:35:54.679Z] [INFO] Update Interval: 1 minutes
[2025-02-28T04:35:54.679Z] [INFO] Starting stock price update...
[2025-02-28T04:35:54.873Z] [INFO] Stock prices updated successfully: Stock prices updated successfully
[2025-02-28T04:35:54.875Z] [INFO] Recording price history...
[2025-02-28T04:35:55.008Z] [INFO] Price history recorded successfully: Price history recorded successfully
[2025-02-28T04:35:55.010Z] [INFO] Scheduled stock updates every 1 minutes
[2025-02-28T04:35:55.178Z] [WARN] Received shutdown signal. Stopping stock price updater.
[2025-02-28T04:35:55.905Z] [INFO] Stock Price Updater Started
[2025-02-28T04:35:55.910Z] [INFO] API URL: http://localhost:3000
[2025-02-28T04:35:55.911Z] [INFO] Update Interval: 1 minutes
[2025-02-28T04:35:55.911Z] [INFO] Starting stock price update...
[2025-02-28T04:35:56.115Z] [INFO] Stock prices updated successfully: Stock prices updated successfully
[2025-02-28T04:35:56.116Z] [INFO] Recording price history...
[2025-02-28T04:35:56.240Z] [INFO] Price history recorded successfully: Price history recorded successfully
[2025-02-28T04:35:56.242Z] [INFO] Scheduled stock updates every 1 minutes
[2025-02-28T04:35:56.441Z] [WARN] Received shutdown signal. Stopping stock price updater.
[2025-02-28T04:35:57.163Z] [INFO] Stock Price Updater Started
[2025-02-28T04:35:57.169Z] [INFO] API URL: http://localhost:3000
[2025-02-28T04:35:57.169Z] [INFO] Update Interval: 1 minutes
[2025-02-28T04:35:57.169Z] [INFO] Starting stock price update...
[2025-02-28T04:35:57.357Z] [INFO] Stock prices updated successfully: Stock prices updated successfully
[2025-02-28T04:35:57.358Z] [INFO] Recording price history...
[2025-02-28T04:35:57.480Z] [INFO] Price history recorded successfully: Price history recorded successfully
[2025-02-28T04:35:57.481Z] [INFO] Scheduled stock updates every 1 minutes
[2025-02-28T04:35:57.906Z] [WARN] Received shutdown signal. Stopping stock price updater.
